d:\masterarbeit\vulkangui\vulkansetup\cmakeout\vulkansetup.dir\debug\vc142.pdb
d:\masterarbeit\vulkangui\vulkansetup\cmakeout\vulkansetup.dir\debug\globals.obj
d:\masterarbeit\vulkangui\vulkansetup\cmakeout\vulkansetup.dir\debug\volume_renderer.obj
d:\masterarbeit\vulkangui\vulkansetup\cmakeout\vulkansetup.dir\debug\parallel_coordinates_renderer.obj
d:\masterarbeit\vulkangui\vulkansetup\cmakeout\vulkansetup.dir\debug\brusher.obj
d:\masterarbeit\vulkangui\vulkansetup\cmakeout\vulkansetup.dir\debug\correlator.obj
d:\masterarbeit\vulkangui\vulkansetup\cmakeout\vulkansetup.dir\debug\imgui_node_editor_api.obj
d:\masterarbeit\vulkangui\vulkansetup\cmakeout\vulkansetup.dir\debug\imgui_node_editor.obj
d:\masterarbeit\vulkangui\vulkansetup\cmakeout\vulkansetup.dir\debug\imgui_canvas.obj
d:\masterarbeit\vulkangui\vulkansetup\cmakeout\vulkansetup.dir\debug\crude_json.obj
d:\masterarbeit\vulkangui\vulkansetup\cmakeout\vulkansetup.dir\debug\imguifiledialog.obj
d:\masterarbeit\vulkangui\vulkansetup\cmakeout\vulkansetup.dir\debug\customfont.obj
d:\masterarbeit\vulkangui\vulkansetup\cmakeout\vulkansetup.dir\debug\imgui_widgets.obj
d:\masterarbeit\vulkangui\vulkansetup\cmakeout\vulkansetup.dir\debug\imgui_tables.obj
d:\masterarbeit\vulkangui\vulkansetup\cmakeout\vulkansetup.dir\debug\imgui_stdlib.obj
d:\masterarbeit\vulkangui\vulkansetup\cmakeout\vulkansetup.dir\debug\imgui_impl_vulkan.obj
d:\masterarbeit\vulkangui\vulkansetup\cmakeout\vulkansetup.dir\debug\imgui_impl_sdl.obj
d:\masterarbeit\vulkangui\vulkansetup\cmakeout\vulkansetup.dir\debug\imgui_draw.obj
d:\masterarbeit\vulkangui\vulkansetup\cmakeout\vulkansetup.dir\debug\imgui_demo.obj
d:\masterarbeit\vulkangui\vulkansetup\cmakeout\vulkansetup.dir\debug\imgui.obj
d:\masterarbeit\vulkangui\vulkansetup\cmakeout\vulkansetup.dir\debug\main.obj
d:\masterarbeit\vulkangui\vulkansetup\cmakeout\vulkansetup.dir\debug\volume_workbench.obj
d:\masterarbeit\vulkangui\vulkansetup\cmakeout\vulkansetup.dir\debug\parallel_coordinates_workbench.obj
d:\masterarbeit\vulkangui\vulkansetup\cmakeout\vulkansetup.dir\debug\data_workbench.obj
d:\masterarbeit\vulkangui\vulkansetup\cmakeout\vulkansetup.dir\debug\vk_format_utils.obj
d:\masterarbeit\vulkangui\vulkansetup\cmakeout\vulkansetup.dir\debug\workbenches_util.obj
d:\masterarbeit\vulkangui\vulkansetup\cmakeout\vulkansetup.dir\debug\glboal_descriptor_set_util.obj
d:\masterarbeit\vulkangui\vulkansetup\cmakeout\vulkansetup.dir\debug\dataset_util.obj
d:\masterarbeit\vulkangui\vulkansetup\cmakeout\cmakefiles\generate.stamp
d:\masterarbeit\vulkangui\vulkansetup\cmakeout\debug\vulkansetup.exe
d:\masterarbeit\vulkangui\vulkansetup\cmakeout\vulkansetup.dir\debug\vulkansetup.ilk
d:\masterarbeit\vulkangui\vulkansetup\cmakeout\debug\vulkansetup.pdb
d:\masterarbeit\vulkangui\vulkansetup\cmakeout\debug\vulkansetup.lib
d:\masterarbeit\vulkangui\vulkansetup\cmakeout\debug\vulkansetup.exp
d:\masterarbeit\vulkangui\vulkansetup\cmakeout\vulkansetup.dir\debug\vulkansetup.tlog\cl.command.1.tlog
d:\masterarbeit\vulkangui\vulkansetup\cmakeout\vulkansetup.dir\debug\vulkansetup.tlog\cl.read.1.tlog
d:\masterarbeit\vulkangui\vulkansetup\cmakeout\vulkansetup.dir\debug\vulkansetup.tlog\cl.write.1.tlog
d:\masterarbeit\vulkangui\vulkansetup\cmakeout\vulkansetup.dir\debug\vulkansetup.tlog\custombuild.command.1.tlog
d:\masterarbeit\vulkangui\vulkansetup\cmakeout\vulkansetup.dir\debug\vulkansetup.tlog\custombuild.read.1.tlog
d:\masterarbeit\vulkangui\vulkansetup\cmakeout\vulkansetup.dir\debug\vulkansetup.tlog\custombuild.write.1.tlog
d:\masterarbeit\vulkangui\vulkansetup\cmakeout\vulkansetup.dir\debug\vulkansetup.tlog\link.command.1.tlog
d:\masterarbeit\vulkangui\vulkansetup\cmakeout\vulkansetup.dir\debug\vulkansetup.tlog\link.read.1.tlog
d:\masterarbeit\vulkangui\vulkansetup\cmakeout\vulkansetup.dir\debug\vulkansetup.tlog\link.write.1.tlog
d:\masterarbeit\vulkangui\vulkansetup\cmakeout\vulkansetup.dir\debug\vulkansetup.tlog\vulkansetup.write.1u.tlog
